{"D:\\carpeta de trabajo\\@github\\curso-react-by-FernandoHerrera\\02-first-steps\\src\\FirstStepApp.tsx": {"path":"D:\\carpeta de trabajo\\@github\\curso-react-by-FernandoHerrera\\02-first-steps\\src\\FirstStepApp.tsx","statementMap":{"0":{"start":{"line":8,"column":34},"end":{"line":12,"column":null}},"1":{"start":{"line":14,"column":2},"end":{"line":18,"column":46}},"2":{"start":{"line":17,"column":54},"end":{"line":18,"column":46}}},"fnMap":{"0":{"name":"FirstStepApp","decl":{"start":{"line":13,"column":16},"end":{"line":13,"column":null}},"loc":{"start":{"line":13,"column":16},"end":{"line":26,"column":null}},"line":13},"1":{"name":"(anonymous_1)","decl":{"start":{"line":17,"column":23},"end":{"line":17,"column":24}},"loc":{"start":{"line":17,"column":54},"end":{"line":18,"column":46}},"line":17}},"branchMap":{},"s":{"0":1,"1":3,"2":9},"f":{"0":3,"1":9},"b":{},"meta":{"lastBranch":0,"lastFunction":2,"lastStatement":3,"seen":{"s:8:34:12:Infinity":0,"f:13:16:13:Infinity":0,"s:14:2:18:46":1,"f:17:23:17:24":1,"s:17:54:18:46":2}}}
,"D:\\carpeta de trabajo\\@github\\curso-react-by-FernandoHerrera\\02-first-steps\\src\\MyAwesomeApp.tsx": {"path":"D:\\carpeta de trabajo\\@github\\curso-react-by-FernandoHerrera\\02-first-steps\\src\\MyAwesomeApp.tsx","statementMap":{"0":{"start":{"line":3,"column":18},"end":{"line":3,"column":null}},"1":{"start":{"line":4,"column":17},"end":{"line":4,"column":null}},"2":{"start":{"line":5,"column":23},"end":{"line":5,"column":null}},"3":{"start":{"line":6,"column":17},"end":{"line":6,"column":null}},"4":{"start":{"line":7,"column":16},"end":{"line":10,"column":null}},"5":{"start":{"line":12,"column":32},"end":{"line":18,"column":null}},"6":{"start":{"line":21,"column":2},"end":{"line":28,"column":null}}},"fnMap":{"0":{"name":"MyAwosomeApp","decl":{"start":{"line":20,"column":16},"end":{"line":20,"column":null}},"loc":{"start":{"line":20,"column":16},"end":{"line":31,"column":null}},"line":20}},"branchMap":{"0":{"loc":{"start":{"line":13,"column":19},"end":{"line":13,"column":null}},"type":"cond-expr","locations":[{"start":{"line":13,"column":30},"end":{"line":13,"column":38}},{"start":{"line":13,"column":38},"end":{"line":13,"column":null}}],"line":13},"1":{"loc":{"start":{"line":27,"column":11},"end":{"line":27,"column":null}},"type":"cond-expr","locations":[{"start":{"line":27,"column":22},"end":{"line":27,"column":33}},{"start":{"line":27,"column":33},"end":{"line":27,"column":null}}],"line":27}},"s":{"0":1,"1":1,"2":1,"3":1,"4":1,"5":1,"6":3},"f":{"0":3},"b":{"0":[1,0],"1":[3,0]},"meta":{"lastBranch":2,"lastFunction":1,"lastStatement":7,"seen":{"s:3:18:3:Infinity":0,"s:4:17:4:Infinity":1,"s:5:23:5:Infinity":2,"s:6:17:6:Infinity":3,"s:7:16:10:Infinity":4,"s:12:32:18:Infinity":5,"b:13:30:13:38:13:38:13:Infinity":0,"f:20:16:20:Infinity":0,"s:21:2:28:Infinity":6,"b:27:22:27:33:27:33:27:Infinity":1}}}
,"D:\\carpeta de trabajo\\@github\\curso-react-by-FernandoHerrera\\02-first-steps\\src\\helpers\\math.helper.ts": {"path":"D:\\carpeta de trabajo\\@github\\curso-react-by-FernandoHerrera\\02-first-steps\\src\\helpers\\math.helper.ts","statementMap":{"0":{"start":{"line":1,"column":19},"end":{"line":3,"column":null}},"1":{"start":{"line":2,"column":2},"end":{"line":2,"column":null}},"2":{"start":{"line":5,"column":24},"end":{"line":7,"column":null}},"3":{"start":{"line":6,"column":2},"end":{"line":6,"column":null}},"4":{"start":{"line":9,"column":24},"end":{"line":11,"column":null}},"5":{"start":{"line":10,"column":2},"end":{"line":10,"column":null}},"6":{"start":{"line":13,"column":22},"end":{"line":15,"column":null}},"7":{"start":{"line":14,"column":2},"end":{"line":14,"column":null}}},"fnMap":{"0":{"name":"(anonymous_0)","decl":{"start":{"line":1,"column":19},"end":{"line":1,"column":20}},"loc":{"start":{"line":1,"column":31},"end":{"line":3,"column":null}},"line":1},"1":{"name":"(anonymous_1)","decl":{"start":{"line":5,"column":24},"end":{"line":5,"column":25}},"loc":{"start":{"line":5,"column":36},"end":{"line":7,"column":null}},"line":5},"2":{"name":"(anonymous_2)","decl":{"start":{"line":9,"column":24},"end":{"line":9,"column":25}},"loc":{"start":{"line":9,"column":36},"end":{"line":11,"column":null}},"line":9},"3":{"name":"(anonymous_3)","decl":{"start":{"line":13,"column":22},"end":{"line":13,"column":23}},"loc":{"start":{"line":13,"column":34},"end":{"line":15,"column":null}},"line":13}},"branchMap":{},"s":{"0":1,"1":1,"2":1,"3":1,"4":1,"5":1,"6":1,"7":1},"f":{"0":1,"1":1,"2":1,"3":1},"b":{},"meta":{"lastBranch":0,"lastFunction":4,"lastStatement":8,"seen":{"s:1:19:3:Infinity":0,"f:1:19:1:20":0,"s:2:2:2:Infinity":1,"s:5:24:7:Infinity":2,"f:5:24:5:25":1,"s:6:2:6:Infinity":3,"s:9:24:11:Infinity":4,"f:9:24:9:25":2,"s:10:2:10:Infinity":5,"s:13:22:15:Infinity":6,"f:13:22:13:23":3,"s:14:2:14:Infinity":7}}}
,"D:\\carpeta de trabajo\\@github\\curso-react-by-FernandoHerrera\\02-first-steps\\src\\shopping-cart\\ItemCounter.css": {"path":"D:\\carpeta de trabajo\\@github\\curso-react-by-FernandoHerrera\\02-first-steps\\src\\shopping-cart\\ItemCounter.css","statementMap":{},"fnMap":{},"branchMap":{},"s":{},"f":{},"b":{},"meta":{"lastBranch":0,"lastFunction":0,"lastStatement":0,"seen":{}}}
,"D:\\carpeta de trabajo\\@github\\curso-react-by-FernandoHerrera\\02-first-steps\\src\\shopping-cart\\ItemCounter.tsx": {"path":"D:\\carpeta de trabajo\\@github\\curso-react-by-FernandoHerrera\\02-first-steps\\src\\shopping-cart\\ItemCounter.tsx","statementMap":{"0":{"start":{"line":10,"column":27},"end":{"line":39,"column":null}},"1":{"start":{"line":11,"column":25},"end":{"line":11,"column":null}},"2":{"start":{"line":13,"column":20},"end":{"line":16,"column":null}},"3":{"start":{"line":15,"column":4},"end":{"line":15,"column":null}},"4":{"start":{"line":17,"column":25},"end":{"line":21,"column":null}},"5":{"start":{"line":19,"column":4},"end":{"line":19,"column":null}},"6":{"start":{"line":19,"column":19},"end":{"line":19,"column":null}},"7":{"start":{"line":20,"column":4},"end":{"line":20,"column":null}},"8":{"start":{"line":25,"column":2},"end":{"line":36,"column":null}}},"fnMap":{"0":{"name":"(anonymous_0)","decl":{"start":{"line":10,"column":27},"end":{"line":10,"column":28}},"loc":{"start":{"line":10,"column":62},"end":{"line":39,"column":null}},"line":10},"1":{"name":"(anonymous_1)","decl":{"start":{"line":13,"column":20},"end":{"line":13,"column":null}},"loc":{"start":{"line":13,"column":20},"end":{"line":16,"column":null}},"line":13},"2":{"name":"(anonymous_2)","decl":{"start":{"line":17,"column":25},"end":{"line":17,"column":null}},"loc":{"start":{"line":17,"column":25},"end":{"line":21,"column":null}},"line":17}},"branchMap":{"0":{"loc":{"start":{"line":10,"column":43},"end":{"line":10,"column":53}},"type":"default-arg","locations":[{"start":{"line":10,"column":52},"end":{"line":10,"column":53}}],"line":10},"1":{"loc":{"start":{"line":19,"column":4},"end":{"line":19,"column":null}},"type":"if","locations":[{"start":{"line":19,"column":4},"end":{"line":19,"column":null}},{"start":{},"end":{}}],"line":19},"2":{"loc":{"start":{"line":29,"column":17},"end":{"line":29,"column":null}},"type":"cond-expr","locations":[{"start":{"line":29,"column":28},"end":{"line":29,"column":34}},{"start":{"line":29,"column":34},"end":{"line":29,"column":null}}],"line":29}},"s":{"0":1,"1":9,"2":9,"3":1,"4":9,"5":2,"6":1,"7":1,"8":9},"f":{"0":9,"1":1,"2":2},"b":{"0":[9],"1":[1,1],"2":[4,5]},"meta":{"lastBranch":3,"lastFunction":3,"lastStatement":9,"seen":{"s:10:27:39:Infinity":0,"f:10:27:10:28":0,"b:10:52:10:53":0,"s:11:25:11:Infinity":1,"s:13:20:16:Infinity":2,"f:13:20:13:Infinity":1,"s:15:4:15:Infinity":3,"s:17:25:21:Infinity":4,"f:17:25:17:Infinity":2,"b:19:4:19:Infinity:undefined:undefined:undefined:undefined":1,"s:19:4:19:Infinity":5,"s:19:19:19:Infinity":6,"s:20:4:20:Infinity":7,"s:25:2:36:Infinity":8,"b:29:28:29:34:29:34:29:Infinity":2}}}
}
